<?xml version="1.0" encoding="UTF-8"?>
<testng-results ignored="0" total="1" passed="1" failed="0" skipped="0">
  <reporter-output>
  </reporter-output>
  <suite started-at="2019-12-14T22:43:03 EST" name="Suite" finished-at="2019-12-14T22:43:22 EST" duration-ms="18378">
    <groups>
    </groups>
    <test started-at="2019-12-14T22:43:03 EST" name="Test" finished-at="2019-12-14T22:43:22 EST" duration-ms="18378">
      <class name="sri.MavenTest.NewTest">
        <test-method is-config="true" signature="beforeTest()[pri:0, instance:sri.MavenTest.NewTest@255b53dc]" started-at="2019-12-14T22:43:03 EST" name="beforeTest" finished-at="2019-12-14T22:43:10 EST" duration-ms="6800" status="PASS">
          <reporter-output>
          </reporter-output>
        </test-method> <!-- beforeTest -->
        <test-method signature="launchBrowser()[pri:0, instance:sri.MavenTest.NewTest@255b53dc]" started-at="2019-12-14T22:43:10 EST" name="launchBrowser" finished-at="2019-12-14T22:43:17 EST" duration-ms="6449" status="PASS">
          <reporter-output>
          </reporter-output>
        </test-method> <!-- launchBrowser -->
        <test-method is-config="true" signature="afterTest()[pri:0, instance:sri.MavenTest.NewTest@255b53dc]" started-at="2019-12-14T22:43:17 EST" name="afterTest" finished-at="2019-12-14T22:43:22 EST" duration-ms="5054" status="PASS">
          <reporter-output>
          </reporter-output>
        </test-method> <!-- afterTest -->
      </class> <!-- sri.MavenTest.NewTest -->
    </test> <!-- Test -->
  </suite> <!-- Suite -->
</testng-results>
