<?xml version="1.0" encoding="UTF-8"?>
<testng-results ignored="0" total="1" passed="1" failed="0" skipped="0">
  <reporter-output>
  </reporter-output>
  <suite started-at="2019-12-14T22:25:31 EST" name="Default suite" finished-at="2019-12-14T22:25:50 EST" duration-ms="18726">
    <groups>
    </groups>
    <test started-at="2019-12-14T22:25:31 EST" name="Default test" finished-at="2019-12-14T22:25:50 EST" duration-ms="18726">
      <class name="sri.MavenTest.NewTest">
        <test-method is-config="true" signature="beforeTest()[pri:0, instance:sri.MavenTest.NewTest@7ff95560]" started-at="2019-12-14T22:25:31 EST" name="beforeTest" finished-at="2019-12-14T22:25:38 EST" duration-ms="6886" status="PASS">
          <reporter-output>
          </reporter-output>
        </test-method> <!-- beforeTest -->
        <test-method signature="launchBrowser()[pri:0, instance:sri.MavenTest.NewTest@7ff95560]" started-at="2019-12-14T22:25:38 EST" name="launchBrowser" finished-at="2019-12-14T22:25:44 EST" duration-ms="5866" status="PASS">
          <reporter-output>
          </reporter-output>
        </test-method> <!-- launchBrowser -->
        <test-method is-config="true" signature="afterTest()[pri:0, instance:sri.MavenTest.NewTest@7ff95560]" started-at="2019-12-14T22:25:44 EST" name="afterTest" finished-at="2019-12-14T22:25:50 EST" duration-ms="5914" status="PASS">
          <reporter-output>
          </reporter-output>
        </test-method> <!-- afterTest -->
      </class> <!-- sri.MavenTest.NewTest -->
    </test> <!-- Default test -->
  </suite> <!-- Default suite -->
</testng-results>
